<?xml version="1.0" encoding="UTF-8"?>
<!-- Generated by org.testng.reporters.JUnitXMLReporter -->
<testsuite hostname="LAB_04_19" ignored="0" name="EdgeTest" tests="1" failures="0" timestamp="2021-09-02T17:20:59 IST" time="88.814" errors="0">
  <testcase name="@BeforeTest LaunchBrowser" time="20.544" classname="JavaProgram.ParametersExample">
    <failure type="org.openqa.selenium.WebDriverException" message="Failed to navigate to https://opensource-demo.orangehrmlive.com/index.php/auth/login. This usually means that a call to the COM method IWebBrowser2::Navigate2() failed. The error returned is: Received error: 0x800700aa [&amp;apos;The requested resource is in use.&amp;apos;]
Build info: version: &amp;apos;4.0.0-alpha-3&amp;apos;, revision: &amp;apos;8c567de6dc&amp;apos;
System info: host: &amp;apos;LAB_04_19&amp;apos;, ip: &amp;apos;192.168.15.170&amp;apos;, os.name: &amp;apos;Windows 10&amp;apos;, os.arch: &amp;apos;amd64&amp;apos;, os.version: &amp;apos;10.0&amp;apos;, java.version: &amp;apos;1.8.0_211&amp;apos;
Driver info: org.openqa.selenium.ie.InternetExplorerDriver
Capabilities {acceptInsecureCerts: false, browserName: internet explorer, browserVersion: 11, javascriptEnabled: true, pageLoadStrategy: normal, platform: WINDOWS, platformName: WINDOWS, proxy: Proxy(), se:ieOptions: {browserAttachTimeout: 0, elementScrollBehavior: 0, enablePersistentHover: true, ie.browserCommandLineSwitches: , ie.edgechromium: false, ie.edgepath: , ie.ensureCleanSession: false, ie.fileUploadDialogTimeout: 3000, ie.forceCreateProcessApi: false, ignoreProtectedModeSettings: false, ignoreZoomSetting: false, initialBrowserUrl: http://localhost:45695/, nativeEvents: true, requireWindowFocus: false}, setWindowRect: true, strictFileInteractability: false, timeouts: {implicit: 0, pageLoad: 300000, script: 30000}, unhandledPromptBehavior: dismiss and notify}
Session ID: 051ff522-07f9-4312-a217-bb3d49d9bdaf">
      <![CDATA[org.openqa.selenium.WebDriverException: Failed to navigate to https://opensource-demo.orangehrmlive.com/index.php/auth/login. This usually means that a call to the COM method IWebBrowser2::Navigate2() failed. The error returned is: Received error: 0x800700aa ['The requested resource is in use.']
Build info: version: '4.0.0-alpha-3', revision: '8c567de6dc'
System info: host: 'LAB_04_19', ip: '192.168.15.170', os.name: 'Windows 10', os.arch: 'amd64', os.version: '10.0', java.version: '1.8.0_211'
Driver info: org.openqa.selenium.ie.InternetExplorerDriver
Capabilities {acceptInsecureCerts: false, browserName: internet explorer, browserVersion: 11, javascriptEnabled: true, pageLoadStrategy: normal, platform: WINDOWS, platformName: WINDOWS, proxy: Proxy(), se:ieOptions: {browserAttachTimeout: 0, elementScrollBehavior: 0, enablePersistentHover: true, ie.browserCommandLineSwitches: , ie.edgechromium: false, ie.edgepath: , ie.ensureCleanSession: false, ie.fileUploadDialogTimeout: 3000, ie.forceCreateProcessApi: false, ignoreProtectedModeSettings: false, ignoreZoomSetting: false, initialBrowserUrl: http://localhost:45695/, nativeEvents: true, requireWindowFocus: false}, setWindowRect: true, strictFileInteractability: false, timeouts: {implicit: 0, pageLoad: 300000, script: 30000}, unhandledPromptBehavior: dismiss and notify}
Session ID: 051ff522-07f9-4312-a217-bb3d49d9bdaf
at org.openqa.selenium.remote.codec.w3c.W3CHttpResponseCodec.createException(W3CHttpResponseCodec.java:191)
at org.openqa.selenium.remote.codec.w3c.W3CHttpResponseCodec.decode(W3CHttpResponseCodec.java:125)
at org.openqa.selenium.remote.codec.w3c.W3CHttpResponseCodec.decode(W3CHttpResponseCodec.java:52)
at org.openqa.selenium.remote.HttpCommandExecutor.execute(HttpCommandExecutor.java:161)
at org.openqa.selenium.remote.service.DriverCommandExecutor.execute(DriverCommandExecutor.java:83)
at org.openqa.selenium.remote.RemoteWebDriver.execute(RemoteWebDriver.java:576)
at org.openqa.selenium.remote.RemoteWebDriver.get(RemoteWebDriver.java:276)
at JavaProgram.ParametersExample.LaunchBrowser(ParametersExample.java:51)
at java.util.concurrent.FutureTask.run(Unknown Source)
at java.util.concurrent.ThreadPoolExecutor.runWorker(Unknown Source)
at java.util.concurrent.ThreadPoolExecutor$Worker.run(Unknown Source)
at java.lang.Thread.run(Unknown Source)
... Removed 19 stack frames]]>
    </failure>
  </testcase> <!-- @BeforeTest LaunchBrowser -->
  <testcase name="@AfterTest CloseBrowser" time="-1.630583391E9" classname="JavaProgram.ParametersExample">
    <skipped/>
  </testcase> <!-- @AfterTest CloseBrowser -->
  <testcase name="@BeforeTest LaunchBrowser" time="88.787" classname="JavaProgram.ParametersExample">
    <failure type="org.openqa.selenium.WebDriverException" message="chrome not reachable
Build info: version: &amp;apos;4.0.0-alpha-3&amp;apos;, revision: &amp;apos;8c567de6dc&amp;apos;
System info: host: &amp;apos;LAB_04_19&amp;apos;, ip: &amp;apos;192.168.15.170&amp;apos;, os.name: &amp;apos;Windows 10&amp;apos;, os.arch: &amp;apos;amd64&amp;apos;, os.version: &amp;apos;10.0&amp;apos;, java.version: &amp;apos;1.8.0_211&amp;apos;
Driver info: driver.version: EdgeDriver
remote stacktrace: Backtrace:
	Ordinal0 [0x00007FF7BCB7DE72+4841074]
	Ordinal0 [0x00007FF7BC7FE633+1173043]
	Ordinal0 [0x00007FF7BC7EEB8F+1108879]
	Ordinal0 [0x00007FF7BC826E8A+1339018]
	Ordinal0 [0x00007FF7BC824185+1327493]
	Ordinal0 [0x00007FF7BC81D563+1299811]
	Ordinal0 [0x00007FF7BC857E2F+1539631]
	Ordinal0 [0x00007FF7BC85315F+1519967]
	Ordinal0 [0x00007FF7BC82949A+1348762]
	Ordinal0 [0x00007FF7BC82A4FF+1352959]
	Ordinal0 [0x00007FF7BC8BBA2D+1948205]
	Ordinal0 [0x00007FF7BC89024B+1770059]
	Ordinal0 [0x00007FF7BCA72759+3745625]
	Ordinal0 [0x00007FF7BC891AD2+1776338]
	Ordinal0 [0x00007FF7BCB80888+4851848]
	Ordinal0 [0x00007FF7BCB802F4+4850420]
	Ordinal0 [0x00007FF7BCB80146+4849990]
	Ordinal0 [0x00007FF7BCB386AC+4556460]
	BaseThreadInitThunk [0x00007FF841577034+20]
	RtlUserThreadStart [0x00007FF843342651+33]
">
      <![CDATA[org.openqa.selenium.WebDriverException: chrome not reachable
Build info: version: '4.0.0-alpha-3', revision: '8c567de6dc'
System info: host: 'LAB_04_19', ip: '192.168.15.170', os.name: 'Windows 10', os.arch: 'amd64', os.version: '10.0', java.version: '1.8.0_211'
Driver info: driver.version: EdgeDriver
remote stacktrace: Backtrace:
Ordinal0 [0x00007FF7BCB7DE72+4841074]
Ordinal0 [0x00007FF7BC7FE633+1173043]
Ordinal0 [0x00007FF7BC7EEB8F+1108879]
Ordinal0 [0x00007FF7BC826E8A+1339018]
Ordinal0 [0x00007FF7BC824185+1327493]
Ordinal0 [0x00007FF7BC81D563+1299811]
Ordinal0 [0x00007FF7BC857E2F+1539631]
Ordinal0 [0x00007FF7BC85315F+1519967]
Ordinal0 [0x00007FF7BC82949A+1348762]
Ordinal0 [0x00007FF7BC82A4FF+1352959]
Ordinal0 [0x00007FF7BC8BBA2D+1948205]
Ordinal0 [0x00007FF7BC89024B+1770059]
Ordinal0 [0x00007FF7BCA72759+3745625]
Ordinal0 [0x00007FF7BC891AD2+1776338]
Ordinal0 [0x00007FF7BCB80888+4851848]
Ordinal0 [0x00007FF7BCB802F4+4850420]
Ordinal0 [0x00007FF7BCB80146+4849990]
Ordinal0 [0x00007FF7BCB386AC+4556460]
BaseThreadInitThunk [0x00007FF841577034+20]
RtlUserThreadStart [0x00007FF843342651+33]

at org.openqa.selenium.remote.W3CHandshakeResponse.lambda$errorHandler$0(W3CHandshakeResponse.java:62)
at org.openqa.selenium.remote.HandshakeResponse.lambda$getResponseFunction$0(HandshakeResponse.java:30)
at org.openqa.selenium.remote.ProtocolHandshake.lambda$createSession$1(ProtocolHandshake.java:127)
at java.util.stream.ReferencePipeline$3$1.accept(Unknown Source)
at java.util.Spliterators$ArraySpliterator.tryAdvance(Unknown Source)
at java.util.stream.ReferencePipeline.forEachWithCancel(Unknown Source)
at java.util.stream.AbstractPipeline.copyIntoWithCancel(Unknown Source)
at java.util.stream.AbstractPipeline.copyInto(Unknown Source)
at java.util.stream.AbstractPipeline.wrapAndCopyInto(Unknown Source)
at java.util.stream.FindOps$FindOp.evaluateSequential(Unknown Source)
at java.util.stream.AbstractPipeline.evaluate(Unknown Source)
at java.util.stream.ReferencePipeline.findFirst(Unknown Source)
at org.openqa.selenium.remote.ProtocolHandshake.createSession(ProtocolHandshake.java:129)
at org.openqa.selenium.remote.ProtocolHandshake.createSession(ProtocolHandshake.java:75)
at org.openqa.selenium.remote.HttpCommandExecutor.execute(HttpCommandExecutor.java:139)
at org.openqa.selenium.remote.service.DriverCommandExecutor.execute(DriverCommandExecutor.java:83)
at org.openqa.selenium.remote.RemoteWebDriver.execute(RemoteWebDriver.java:576)
at org.openqa.selenium.remote.RemoteWebDriver.startSession(RemoteWebDriver.java:210)
at org.openqa.selenium.remote.RemoteWebDriver.<init>(RemoteWebDriver.java:130)
at org.openqa.selenium.chromium.ChromiumDriver.<init>(ChromiumDriver.java:75)
at org.openqa.selenium.edge.EdgeDriver.<init>(EdgeDriver.java:120)
at org.openqa.selenium.edge.EdgeDriver.<init>(EdgeDriver.java:117)
at JavaProgram.ParametersExample.LaunchBrowser(ParametersExample.java:40)
at java.util.concurrent.FutureTask.run(Unknown Source)
at java.util.concurrent.ThreadPoolExecutor.runWorker(Unknown Source)
at java.util.concurrent.ThreadPoolExecutor$Worker.run(Unknown Source)
at java.lang.Thread.run(Unknown Source)
... Removed 19 stack frames]]>
    </failure>
  </testcase> <!-- @BeforeTest LaunchBrowser -->
  <testcase name="@AfterTest CloseBrowser" time="-1.630583459244E9" classname="JavaProgram.ParametersExample">
    <skipped/>
  </testcase> <!-- @AfterTest CloseBrowser -->
  <testcase name="OrangeHRM_Login" time="0.0" classname="JavaProgram.ParametersExample">
    <skipped/>
  </testcase> <!-- OrangeHRM_Login -->
</testsuite> <!-- EdgeTest -->
